<?xml version="1.0" encoding="UTF-8"?>
<testsuites>
  <testsuite name="Welcome_test" file="D:\PHP proj\playground\www\application\tests\controllers\Welcome_test.php" fullPackage="Welcome" tests="3" assertions="3" failures="0" errors="0" time="0.050000">
    <testcase name="test_index" class="Welcome_test" file="D:\PHP proj\playground\www\application\tests\controllers\Welcome_test.php" line="13" assertions="1" time="0.020000"/>
    <testcase name="test_method_404" class="Welcome_test" file="D:\PHP proj\playground\www\application\tests\controllers\Welcome_test.php" line="19" assertions="1" time="0.020000"/>
    <testcase name="test_APPPATH" class="Welcome_test" file="D:\PHP proj\playground\www\application\tests\controllers\Welcome_test.php" line="25" assertions="1" time="0.010000"/>
  </testsuite>
</testsuites>
